<?xml version="1.0" encoding="UTF-8"?>
<!-- Generated by org.testng.reporters.JUnitXMLReporter -->
<testsuite ignored="0" hostname="ShilpaJoshi" failures="0" tests="4" name="Test" time="77.055" errors="0" timestamp="2020-06-15T23:01:04 IST">
  <testcase classname="Academy.HomePage" name="basePageNavigation" time="19.266"/>
  <testcase classname="Academy.HomePage" name="basePageNavigation" time="11.592"/>
  <testcase classname="Academy.ValidateNavBar" name="basePageNavigation" time="12.968"/>
  <testcase classname="Academy.ValidationPage" name="basePageNavigation" time="5.074"/>
</testsuite> <!-- Test -->
