<?xml version="1.0" encoding="UTF-8"?>
<testng-results skipped="0" failed="0" ignored="0" total="4" passed="4">
  <reporter-output>
  </reporter-output>
  <suite name="Suite" duration-ms="27816" started-at="2020-07-04T21:21:34 IST" finished-at="2020-07-04T21:22:02 IST">
    <groups>
    </groups>
    <test name="Validating Navigating Bar" duration-ms="24622" started-at="2020-07-04T21:21:34 IST" finished-at="2020-07-04T21:21:59 IST">
      <class name="Academy.ValidateNavBar">
        <test-method status="PASS" signature="initialize()[pri:0, instance:Academy.ValidateNavBar@15aab8c6]" name="initialize" is-config="true" duration-ms="9841" started-at="2020-07-04T21:21:34 IST" finished-at="2020-07-04T21:21:44 IST">
          <reporter-output>
          </reporter-output>
        </test-method> <!-- initialize -->
        <test-method status="PASS" signature="basePageNavigation()[pri:0, instance:Academy.ValidateNavBar@15aab8c6]" name="basePageNavigation" duration-ms="14263" started-at="2020-07-04T21:21:44 IST" finished-at="2020-07-04T21:21:58 IST">
          <reporter-output>
          </reporter-output>
        </test-method> <!-- basePageNavigation -->
        <test-method status="PASS" signature="tearDown()[pri:0, instance:Academy.ValidateNavBar@15aab8c6]" name="tearDown" is-config="true" duration-ms="504" started-at="2020-07-04T21:21:58 IST" finished-at="2020-07-04T21:21:59 IST">
          <reporter-output>
          </reporter-output>
        </test-method> <!-- tearDown -->
      </class> <!-- Academy.ValidateNavBar -->
    </test> <!-- Validating Navigating Bar -->
    <test name="Validating Title of the Page" duration-ms="24996" started-at="2020-07-04T21:21:34 IST" finished-at="2020-07-04T21:21:59 IST">
      <class name="Academy.ValidationPage">
        <test-method status="PASS" signature="initialise()[pri:0, instance:Academy.ValidationPage@24fcf36f]" name="initialise" is-config="true" duration-ms="17221" started-at="2020-07-04T21:21:34 IST" finished-at="2020-07-04T21:21:51 IST">
          <reporter-output>
          </reporter-output>
        </test-method> <!-- initialise -->
        <test-method status="PASS" signature="basePageNavigation()[pri:0, instance:Academy.ValidationPage@24fcf36f]" name="basePageNavigation" duration-ms="5071" started-at="2020-07-04T21:21:51 IST" finished-at="2020-07-04T21:21:57 IST">
          <reporter-output>
          </reporter-output>
        </test-method> <!-- basePageNavigation -->
        <test-method status="PASS" signature="tearDown()[pri:0, instance:Academy.ValidationPage@24fcf36f]" name="tearDown" is-config="true" duration-ms="2697" started-at="2020-07-04T21:21:57 IST" finished-at="2020-07-04T21:21:59 IST">
          <reporter-output>
          </reporter-output>
        </test-method> <!-- tearDown -->
      </class> <!-- Academy.ValidationPage -->
    </test> <!-- Validating Title of the Page -->
    <test name="Validating user Login" duration-ms="27816" started-at="2020-07-04T21:21:34 IST" finished-at="2020-07-04T21:22:02 IST">
      <class name="Academy.HomePage">
        <test-method status="PASS" signature="initialise()[pri:0, instance:Academy.HomePage@6631f5ca]" name="initialise" is-config="true" duration-ms="2768" started-at="2020-07-04T21:21:34 IST" finished-at="2020-07-04T21:21:37 IST">
          <reporter-output>
          </reporter-output>
        </test-method> <!-- initialise -->
        <test-method status="PASS" signature="basePageNavigation(java.lang.String, java.lang.String, java.lang.String)[pri:0, instance:Academy.HomePage@6631f5ca]" name="basePageNavigation" duration-ms="16846" started-at="2020-07-04T21:21:37 IST" data-provider="getData" finished-at="2020-07-04T21:21:54 IST">
          <params>
            <param index="0">
              <value>
                <![CDATA[nonrestricted@gmail.com]]>
              </value>
            </param>
            <param index="1">
              <value>
                <![CDATA[1234]]>
              </value>
            </param>
            <param index="2">
              <value>
                <![CDATA[nonrestrictedmember]]>
              </value>
            </param>
          </params>
          <reporter-output>
          </reporter-output>
        </test-method> <!-- basePageNavigation -->
        <test-method status="PASS" signature="basePageNavigation(java.lang.String, java.lang.String, java.lang.String)[pri:0, instance:Academy.HomePage@6631f5ca]" name="basePageNavigation" duration-ms="8051" started-at="2020-07-04T21:21:54 IST" data-provider="getData" finished-at="2020-07-04T21:22:02 IST">
          <params>
            <param index="0">
              <value>
                <![CDATA[restricted@gmail.com]]>
              </value>
            </param>
            <param index="1">
              <value>
                <![CDATA[4321]]>
              </value>
            </param>
            <param index="2">
              <value>
                <![CDATA[restrictedmember]]>
              </value>
            </param>
          </params>
          <reporter-output>
          </reporter-output>
        </test-method> <!-- basePageNavigation -->
        <test-method status="PASS" signature="tearDown()[pri:0, instance:Academy.HomePage@6631f5ca]" name="tearDown" is-config="true" duration-ms="110" started-at="2020-07-04T21:22:02 IST" finished-at="2020-07-04T21:22:02 IST">
          <reporter-output>
          </reporter-output>
        </test-method> <!-- tearDown -->
      </class> <!-- Academy.HomePage -->
    </test> <!-- Validating user Login -->
  </suite> <!-- Suite -->
</testng-results>
